<?xml version="1.0" encoding="UTF-8"?>
<!-- Generated by org.testng.reporters.JUnitReportReporter -->
<testsuite skipped="0" hostname="Nishant-PC" name="com.qa.test.Reg_PageTest" tests="1" failures="0" timestamp="27 Nov 2018 08:40:32 GMT" time="8.933" errors="0">
  <testcase name="reg_DialogueheadingTest" time="8.933" classname="com.qa.test.Reg_PageTest"/>
</testsuite> <!-- com.qa.test.Reg_PageTest -->
