<?xml version="1.0" encoding="UTF-8"?>
<!-- Generated by org.testng.reporters.JUnitReportReporter -->
<testsuite skipped="0" hostname="Nishant-PC" name="com.qa.testData.LoginPageTestData" tests="4" failures="0" timestamp="25 Oct 2018 18:26:07 GMT" time="33.495" errors="0">
  <testcase name="LoginPageTest" time="7.326" classname="com.qa.testData.LoginPageTestData"/>
  <testcase name="LoginPageDataTest" time="10.209" classname="com.qa.testData.LoginPageTestData"/>
  <testcase name="dialogueHeading" time="7.932" classname="com.qa.testData.LoginPageTestData"/>
  <testcase name="loginRegister" time="8.028" classname="com.qa.testData.LoginPageTestData"/>
</testsuite> <!-- com.qa.testData.LoginPageTestData -->
