<?xml version="1.0" encoding="UTF-8"?>
<!-- Generated by org.testng.reporters.JUnitReportReporter -->
<testsuite skipped="0" hostname="Nishant-PC" name="com.qa.test.UsersPageTest" tests="2" failures="0" timestamp="29 Oct 2018 12:03:07 GMT" time="33.975" errors="0">
  <testcase name="webTableTestM" time="15.710" classname="com.qa.test.UsersPageTest"/>
  <testcase name="addButtonTestM" time="18.265" classname="com.qa.test.UsersPageTest"/>
</testsuite> <!-- com.qa.test.UsersPageTest -->
