<?xml version="1.0" encoding="UTF-8"?>
<!-- Generated by org.testng.reporters.JUnitReportReporter -->
<testsuite skipped="0" hostname="Nishant-PC" name="com.qa.test.AddUsersTest" tests="2" failures="0" timestamp="29 Oct 2018 11:55:02 GMT" time="31.739" errors="0">
  <testcase name="webTableTestM" time="16.851" classname="com.qa.test.AddUsersTest"/>
  <testcase name="addButtonTestM" time="14.888" classname="com.qa.test.AddUsersTest"/>
</testsuite> <!-- com.qa.test.AddUsersTest -->
