<?xml version="1.0" encoding="UTF-8"?>
<!-- Generated by org.testng.reporters.JUnitReportReporter -->
<testsuite skipped="0" hostname="Nishant-PC" name="com.qa.test.JBKPageTest" tests="1" failures="0" timestamp="27 Nov 2018 08:40:32 GMT" time="10.764" errors="0">
  <testcase name="JBKHeadingTestM" time="10.764" classname="com.qa.test.JBKPageTest"/>
</testsuite> <!-- com.qa.test.JBKPageTest -->
